<?xml version="1.0" encoding="UTF-8"?>
<testng-results ignored="0" total="1" passed="1" failed="0" skipped="0">
  <reporter-output>
  </reporter-output>
  <suite started-at="2023-12-14T14:35:58 SAST" name="OrangeHRMSuite" finished-at="2023-12-14T14:36:12 SAST" duration-ms="13284">
    <groups>
    </groups>
    <test started-at="2023-12-14T14:35:58 SAST" name="OrangeHRMTest" finished-at="2023-12-14T14:36:12 SAST" duration-ms="13284">
      <class name="com.qa.tests.TC_002_LoginTest">
        <test-method is-config="true" signature="setUp(java.lang.String)[pri:0, instance:com.qa.tests.TC_002_LoginTest@5fe94a96]" started-at="2023-12-14T14:35:58 SAST" name="setUp" finished-at="2023-12-14T14:36:06 SAST" duration-ms="7899" status="PASS">
          <params>
            <param index="0">
              <value>
                <![CDATA[chrome]]>
              </value>
            </param>
          </params>
          <reporter-output>
          </reporter-output>
        </test-method> <!-- setUp -->
        <test-method signature="test_Login()[pri:0, instance:com.qa.tests.TC_002_LoginTest@5fe94a96]" started-at="2023-12-14T14:36:06 SAST" name="test_Login" finished-at="2023-12-14T14:36:11 SAST" duration-ms="4761" status="PASS">
          <reporter-output>
          </reporter-output>
        </test-method> <!-- test_Login -->
        <test-method is-config="true" signature="tearDown()[pri:0, instance:com.qa.tests.TC_002_LoginTest@5fe94a96]" started-at="2023-12-14T14:36:11 SAST" name="tearDown" finished-at="2023-12-14T14:36:12 SAST" duration-ms="404" status="PASS">
          <reporter-output>
          </reporter-output>
        </test-method> <!-- tearDown -->
      </class> <!-- com.qa.tests.TC_002_LoginTest -->
    </test> <!-- OrangeHRMTest -->
  </suite> <!-- OrangeHRMSuite -->
</testng-results>
