<?xml version="1.0" encoding="UTF-8"?>
<testsuite xmlns:xsi="http://www.w3.org/2001/XMLSchema-instance" xsi:noNamespaceSchemaLocation="https://maven.apache.org/surefire/maven-surefire-plugin/xsd/surefire-test-report-3.0.xsd" version="3.0" name="TestSuite" time="14.344" tests="1" errors="0" skipped="0" failures="0">
  <properties>
[...]
</properties>
  <testcase name="test_Login" classname="com.qa.tests.TC_002_LoginTest" time="4.765">
    <system-out><![CDATA[Dashboard
OrangeHRM
]]></system-out>
    <system-err><![CDATA[SLF4J: Class path contains multiple SLF4J providers.
SLF4J: Found provider [org.slf4j.log4j12.Log4j12ServiceProvider@482f8f11]
SLF4J: Found provider [org.slf4j.simple.SimpleServiceProvider@1593948d]
SLF4J: Found provider [org.slf4j.jul.JULServiceProvider@1b604f19]
SLF4J: See https://www.slf4j.org/codes.html#multiple_bindings for an explanation.
SLF4J: Actual provider is of type [org.slf4j.log4j12.Log4j12ServiceProvider@482f8f11]
Unexpected problem occurred during version sanity check
Reported exception:
java.lang.AbstractMethodError: Receiver class org.slf4j.log4j12.Log4j12ServiceProvider does not define or inherit an implementation of the resolved method 'abstract java.lang.String getRequestedApiVersion()' of interface org.slf4j.spi.SLF4JServiceProvider.
	at org.slf4j.LoggerFactory.versionSanityCheck(LoggerFactory.java:366)
	at org.slf4j.LoggerFactory.performInitialization(LoggerFactory.java:184)
	at org.slf4j.LoggerFactory.getProvider(LoggerFactory.java:490)
	at org.slf4j.LoggerFactory.getILoggerFactory(LoggerFactory.java:476)
	at org.slf4j.LoggerFactory.getLogger(LoggerFactory.java:425)
	at org.slf4j.LoggerFactory.getLogger(LoggerFactory.java:451)
	at org.testng.log4testng.Logger.lambda$getLogger$0(Logger.java:30)
	at java.base/java.util.concurrent.ConcurrentHashMap.computeIfAbsent(ConcurrentHashMap.java:1708)
	at org.testng.log4testng.Logger.getLogger(Logger.java:30)
	at org.testng.TestNG.<clinit>(TestNG.java:113)
	at org.apache.maven.surefire.testng.TestNGExecutor.run(TestNGExecutor.java:318)
	at org.apache.maven.surefire.testng.TestNGXmlTestSuite.execute(TestNGXmlTestSuite.java:74)
	at org.apache.maven.surefire.testng.TestNGProvider.invoke(TestNGProvider.java:123)
	at org.apache.maven.surefire.booter.ForkedBooter.runSuitesInProcess(ForkedBooter.java:456)
	at org.apache.maven.surefire.booter.ForkedBooter.execute(ForkedBooter.java:169)
	at org.apache.maven.surefire.booter.ForkedBooter.run(ForkedBooter.java:595)
	at org.apache.maven.surefire.booter.ForkedBooter.main(ForkedBooter.java:581)
log4j:WARN No appenders could be found for logger (org.testng.TestNG).
log4j:WARN Please initialize the log4j system properly.
log4j:WARN See http://logging.apache.org/log4j/1.2/faq.html#noconfig for more info.
]]></system-err>
  </testcase>
</testsuite>